<?xml version="1.0" encoding="UTF-8"?>
<!-- Generated by org.testng.reporters.JUnitXMLReporter -->
<testsuite ignored="0" hostname="StLenovo" failures="0" tests="3" name="Parallel Tests on opera" time="33.357" errors="0" timestamp="2022-11-25T16:53:31 GET">
  <testcase classname="org.it_academy.selenium.onliner.local.SeleniumTest" name="checkContextMenuForComputersLink" time="2.083"/>
  <testcase classname="org.it_academy.selenium.onliner.local.SeleniumTest" name="checkForRequiredSections" time="1.084"/>
  <testcase classname="org.it_academy.selenium.onliner.local.SeleniumTest" name="checkListOfProductsInAccessoriesCategory" time="2.787"/>
</testsuite> <!-- Parallel Tests on opera -->
