<?xml version="1.0" encoding="UTF-8"?>
<!-- Generated by org.testng.reporters.JUnitXMLReporter -->
<testsuite ignored="0" hostname="StLenovo" failures="0" tests="3" name="Parallel Tests on chrome" time="34.008" errors="0" timestamp="2022-11-25T16:53:32 GET">
  <testcase classname="org.it_academy.selenium.onliner.local.SeleniumTest" name="checkContextMenuForComputersLink" time="3.819"/>
  <testcase classname="org.it_academy.selenium.onliner.local.SeleniumTest" name="checkForRequiredSections" time="0.421"/>
  <testcase classname="org.it_academy.selenium.onliner.local.SeleniumTest" name="checkListOfProductsInAccessoriesCategory" time="2.272"/>
</testsuite> <!-- Parallel Tests on chrome -->
